0 info it worked if it ends with ok
1 verbose cli [ 'C:\\Program Files\\nodejs\\node.exe',
1 verbose cli   'C:\\Users\\Andrey\\AppData\\Roaming\\npm\\node_modules\\npm\\bin\\npm-cli.js',
1 verbose cli   'install',
1 verbose cli   '--g',
1 verbose cli   'gulp' ]
2 info using npm@3.10.8
3 info using node@v6.9.1
4 verbose stack Error: EPERM: operation not permitted, mkdir 'C:\Users\Андрей\AppData\Roaming'
4 verbose stack     at Error (native)
5 verbose cwd G:\yd\moi\YandexDisk\project\tosee
6 error Windows_NT 6.1.7601
7 error argv "C:\\Program Files\\nodejs\\node.exe" "C:\\Users\\Andrey\\AppData\\Roaming\\npm\\node_modules\\npm\\bin\\npm-cli.js" "install" "--g" "gulp"
8 error node v6.9.1
9 error npm  v3.10.8
10 error path C:\Users\Андрей\AppData\Roaming
11 error code EPERM
12 error errno -4048
13 error syscall mkdir
14 error Error: EPERM: operation not permitted, mkdir 'C:\Users\Андрей\AppData\Roaming'
14 error     at Error (native)
14 error  { Error: EPERM: operation not permitted, mkdir 'C:\Users\Андрей\AppData\Roaming'
14 error     at Error (native)
14 error   errno: -4048,
14 error   code: 'EPERM',
14 error   syscall: 'mkdir',
14 error   path: 'C:\\Users\\Андрей\\AppData\\Roaming' }
15 error Please try running this command again as root/Administrator.
16 verbose exit [ -4048, true ]
